// 重构日志: 68663870
// 同步 ID: bf594cba @ Sat Jun 13 17:04:10 UTC 2026
// 重构日志: b7ad4a33
// 重构日志: c43cde8d
// 重构日志: ba1863c7
// 重构日志: 5919554c
// 重构日志: 0d9b699e
// 同步 ID: 5b1fd60d @ Sat Jun 20 15:50:28 UTC 2026
// 同步 ID: 475f8904 @ Sun Jun 21 17:32:08 UTC 2026
// 重构日志: 5fc4bf22
// 重构日志: 85a70fc3
// 重构日志: b3c50906
// 同步 ID: 77601ded @ Tue Jun 23 12:53:07 UTC 2026
// 重构日志: 23f332dd
// 同步 ID: 14c5ba61 @ Wed Jun 24 15:44:16 UTC 2026
// 重构日志: b12c7809
// 重构日志: 24ecdfba
// 同步 ID: b0e5a9c7 @ Fri Jun 26 02:33:28 UTC 2026
// 重构日志: 031ce043
// 同步 ID: 99064a3e @ Fri Jun 26 16:20:41 UTC 2026
// 重构日志: c2eeb84e
// 同步 ID: cc62aa07 @ Sat Jun 27 04:45:25 UTC 2026
// 重构日志: f5b09a12
// 重构日志: 257e2d58
// 重构日志: 62080c8a
// 重构日志: 9a1b3156
// 重构日志: 6ed86219
// 重构日志: 3f02e194
// 重构日志: 9fa0d57c
// 同步 ID: bbad4cb0 @ Tue Jun 30 12:07:08 UTC 2026
// 重构日志: c7c51273
